2024-12-01 02:05:08,898 - app.core.logger - DEBUG - Getting remaining problems for batch -6411228726057713221
2024-12-01 02:05:08,907 - app.core.logger - DEBUG - Available batches: dict_keys([])
2024-12-01 02:05:08,907 - app.core.logger - ERROR - Batch -6411228726057713221 not found
2024-12-01 02:05:08,907 - app.core.logger - ERROR - Error getting remaining problems: 404: Invalid batch
2024-12-01 02:05:12,442 - app.core.logger - DEBUG - Generating basic problem for age 6, problem_id 1
2024-12-01 02:05:12,442 - app.core.logger - DEBUG - Generating basic problem for age 6, problem_id 2
2024-12-01 02:05:12,443 - app.core.logger - DEBUG - Generating basic problem for age 6, problem_id 3
2024-12-01 02:05:12,443 - app.core.logger - DEBUG - Generated problems: [{'id': 1, 'question': '19 - 10 = ?', 'answer': 9.0, 'difficulty': 'beginner', 'age': 6, 'type': 'basic', 'batch_id': '-6559107603236794903'}, {'id': 2, 'question': '15 + 10 = ?', 'answer': 25.0, 'difficulty': 'beginner', 'age': 6, 'type': 'basic', 'batch_id': '-6559107603236794903'}, {'id': 3, 'question': '15 - 12 = ?', 'answer': 3.0, 'difficulty': 'beginner', 'age': 6, 'type': 'basic', 'batch_id': '-6559107603236794903'}]
2024-12-01 02:05:12,453 - app.core.logger - DEBUG - Returning response: batch_id='-6559107603236794903' problems=[MathProblem(id=1, question='19 - 10 = ?', answer=9.0, difficulty='beginner', age=6, type='basic'), MathProblem(id=2, question='15 + 10 = ?', answer=25.0, difficulty='beginner', age=6, type='basic'), MathProblem(id=3, question='15 - 12 = ?', answer=3.0, difficulty='beginner', age=6, type='basic')]
2024-12-01 02:05:12,453 - app.core.logger - DEBUG - Problem generation status: basic=3/3, word=0/7
2024-12-01 02:05:14,456 - app.core.logger - DEBUG - Getting remaining problems for batch -6559107603236794903
2024-12-01 02:05:14,457 - app.core.logger - DEBUG - Available batches: dict_keys(['-6559107603236794903'])
2024-12-01 02:05:14,457 - app.core.logger - DEBUG - Found 3 problems in batch
2024-12-01 02:05:14,457 - app.core.logger - DEBUG - Returning problems: [{'id': 1, 'question': '19 - 10 = ?', 'answer': 9.0, 'difficulty': 'beginner', 'age': 6, 'type': 'basic', 'batch_id': '-6559107603236794903'}, {'id': 2, 'question': '15 + 10 = ?', 'answer': 25.0, 'difficulty': 'beginner', 'age': 6, 'type': 'basic', 'batch_id': '-6559107603236794903'}, {'id': 3, 'question': '15 - 12 = ?', 'answer': 3.0, 'difficulty': 'beginner', 'age': 6, 'type': 'basic', 'batch_id': '-6559107603236794903'}]
2024-12-01 02:05:15,894 - app.core.logger - DEBUG - === Check Answer Request ===
2024-12-01 02:05:15,894 - app.core.logger - DEBUG - Request: problem_id=1 answer=9.0 batch_id='-6559107603236794903'
2024-12-01 02:05:15,894 - app.core.logger - DEBUG - Available batches: dict_keys(['-6559107603236794903'])
2024-12-01 02:05:15,894 - app.core.logger - DEBUG - Found problem: {'id': 1, 'question': '19 - 10 = ?', 'answer': 9.0, 'difficulty': 'beginner', 'age': 6, 'type': 'basic', 'batch_id': '-6559107603236794903'}
2024-12-01 02:05:15,895 - app.core.logger - DEBUG - User answer: 9.0
2024-12-01 02:05:15,895 - app.core.logger - DEBUG - Basic problem comparison: 9 == 9 -> True
2024-12-01 02:05:16,457 - app.core.logger - DEBUG - Getting remaining problems for batch -6559107603236794903
2024-12-01 02:05:16,457 - app.core.logger - DEBUG - Available batches: dict_keys(['-6559107603236794903'])
2024-12-01 02:05:16,457 - app.core.logger - DEBUG - Found 3 problems in batch
2024-12-01 02:05:16,457 - app.core.logger - DEBUG - Returning problems: [{'id': 1, 'question': '19 - 10 = ?', 'answer': 9.0, 'difficulty': 'beginner', 'age': 6, 'type': 'basic', 'batch_id': '-6559107603236794903'}, {'id': 2, 'question': '15 + 10 = ?', 'answer': 25.0, 'difficulty': 'beginner', 'age': 6, 'type': 'basic', 'batch_id': '-6559107603236794903'}, {'id': 3, 'question': '15 - 12 = ?', 'answer': 3.0, 'difficulty': 'beginner', 'age': 6, 'type': 'basic', 'batch_id': '-6559107603236794903'}]
2024-12-01 02:05:18,456 - app.core.logger - DEBUG - Getting remaining problems for batch -6559107603236794903
2024-12-01 02:05:18,456 - app.core.logger - DEBUG - Available batches: dict_keys(['-6559107603236794903'])
2024-12-01 02:05:18,456 - app.core.logger - DEBUG - Found 3 problems in batch
2024-12-01 02:05:18,457 - app.core.logger - DEBUG - Returning problems: [{'id': 1, 'question': '19 - 10 = ?', 'answer': 9.0, 'difficulty': 'beginner', 'age': 6, 'type': 'basic', 'batch_id': '-6559107603236794903'}, {'id': 2, 'question': '15 + 10 = ?', 'answer': 25.0, 'difficulty': 'beginner', 'age': 6, 'type': 'basic', 'batch_id': '-6559107603236794903'}, {'id': 3, 'question': '15 - 12 = ?', 'answer': 3.0, 'difficulty': 'beginner', 'age': 6, 'type': 'basic', 'batch_id': '-6559107603236794903'}]
2024-12-01 02:05:20,456 - app.core.logger - DEBUG - Getting remaining problems for batch -6559107603236794903
2024-12-01 02:05:20,456 - app.core.logger - DEBUG - Available batches: dict_keys(['-6559107603236794903'])
2024-12-01 02:05:20,456 - app.core.logger - DEBUG - Found 3 problems in batch
2024-12-01 02:05:20,457 - app.core.logger - DEBUG - Returning problems: [{'id': 1, 'question': '19 - 10 = ?', 'answer': 9.0, 'difficulty': 'beginner', 'age': 6, 'type': 'basic', 'batch_id': '-6559107603236794903'}, {'id': 2, 'question': '15 + 10 = ?', 'answer': 25.0, 'difficulty': 'beginner', 'age': 6, 'type': 'basic', 'batch_id': '-6559107603236794903'}, {'id': 3, 'question': '15 - 12 = ?', 'answer': 3.0, 'difficulty': 'beginner', 'age': 6, 'type': 'basic', 'batch_id': '-6559107603236794903'}]
2024-12-01 02:05:20,758 - app.core.logger - DEBUG - Generated 7 valid word problems
2024-12-01 02:05:20,759 - app.core.logger - DEBUG - Generated 7 word problems
2024-12-01 02:05:20,759 - app.core.logger - DEBUG - Added word problem 4 to batch -6559107603236794903
2024-12-01 02:05:20,759 - app.core.logger - DEBUG - Added word problem 5 to batch -6559107603236794903
2024-12-01 02:05:20,759 - app.core.logger - DEBUG - Added word problem 6 to batch -6559107603236794903
2024-12-01 02:05:20,759 - app.core.logger - DEBUG - Added word problem 7 to batch -6559107603236794903
2024-12-01 02:05:20,759 - app.core.logger - DEBUG - Added word problem 8 to batch -6559107603236794903
2024-12-01 02:05:20,759 - app.core.logger - DEBUG - Added word problem 9 to batch -6559107603236794903
2024-12-01 02:05:20,760 - app.core.logger - DEBUG - Added word problem 10 to batch -6559107603236794903
2024-12-01 02:05:20,760 - app.core.logger - DEBUG - === Final Batch Status ===
2024-12-01 02:05:20,760 - app.core.logger - DEBUG - Batch ID: -6559107603236794903
2024-12-01 02:05:20,760 - app.core.logger - DEBUG - Total problems: 10
2024-12-01 02:05:20,760 - app.core.logger - DEBUG - Basic problems: 3/3
2024-12-01 02:05:20,760 - app.core.logger - DEBUG - Word problems: 7/7
2024-12-01 02:05:22,456 - app.core.logger - DEBUG - Getting remaining problems for batch -6559107603236794903
2024-12-01 02:05:22,457 - app.core.logger - DEBUG - Available batches: dict_keys(['-6559107603236794903'])
2024-12-01 02:05:22,457 - app.core.logger - DEBUG - Found 10 problems in batch
2024-12-01 02:05:22,457 - app.core.logger - DEBUG - Returning problems: [{'id': 1, 'question': '19 - 10 = ?', 'answer': 9.0, 'difficulty': 'beginner', 'age': 6, 'type': 'basic', 'batch_id': '-6559107603236794903'}, {'id': 2, 'question': '15 + 10 = ?', 'answer': 25.0, 'difficulty': 'beginner', 'age': 6, 'type': 'basic', 'batch_id': '-6559107603236794903'}, {'id': 3, 'question': '15 - 12 = ?', 'answer': 3.0, 'difficulty': 'beginner', 'age': 6, 'type': 'basic', 'batch_id': '-6559107603236794903'}, {'question': 'Lars har 12 epler. Han gir 5 epler til sin venn. Hvor mange epler har Lars igjen?', 'answer': 7, 'type': 'word_problem', 'sub_type': 'sharing', 'difficulty': 'beginner', 'age': 6, 'id': 4, 'batch_id': '-6559107603236794903'}, {'question': 'Mamma kjøpte 8 bananer og 3 appelsiner. Hvor mange frukter har hun totalt?', 'answer': 11, 'type': 'word_problem', 'sub_type': 'shopping', 'difficulty': 'beginner', 'age': 6, 'id': 5, 'batch_id': '-6559107603236794903'}, {'question': 'Kari har 15 kr. Hun bruker 6 kr på en liten lekebil. Hvor mye penger har hun igjen?', 'answer': 9, 'type': 'word_problem', 'sub_type': 'shopping', 'difficulty': 'beginner', 'age': 6, 'id': 6, 'batch_id': '-6559107603236794903'}, {'question': 'Petter har 7 kjeks. Han deler 4 av dem med sin søster. Hvor mange kjeks har Petter igjen?', 'answer': 3, 'type': 'word_problem', 'sub_type': 'sharing', 'difficulty': 'beginner', 'age': 6, 'id': 7, 'batch_id': '-6559107603236794903'}, {'question': 'Pappa kjøpte 9 små sjokolader. Han spiste 2 av dem. Hvor mange sjokolader har han igjen?', 'answer': 7, 'type': 'word_problem', 'sub_type': 'shopping', 'difficulty': 'beginner', 'age': 6, 'id': 8, 'batch_id': '-6559107603236794903'}, {'question': 'Anna har 6 klinkekuler. Broren hennes gir henne 4 til. Hvor mange klinkekuler har Anna nå?', 'answer': 10, 'type': 'word_problem', 'sub_type': 'sharing', 'difficulty': 'beginner', 'age': 6, 'id': 9, 'batch_id': '-6559107603236794903'}, {'question': 'Mor kjøpte 10 karameller. Hun ga 3 til naboen. Hvor mange karameller har mor igjen?', 'answer': 7, 'type': 'word_problem', 'sub_type': 'sharing', 'difficulty': 'beginner', 'age': 6, 'id': 10, 'batch_id': '-6559107603236794903'}]
2024-12-01 02:05:24,462 - app.core.logger - DEBUG - Getting remaining problems for batch -6559107603236794903
2024-12-01 02:05:24,462 - app.core.logger - DEBUG - Available batches: dict_keys(['-6559107603236794903'])
2024-12-01 02:05:24,462 - app.core.logger - DEBUG - Found 10 problems in batch
2024-12-01 02:05:24,462 - app.core.logger - DEBUG - Returning problems: [{'id': 1, 'question': '19 - 10 = ?', 'answer': 9.0, 'difficulty': 'beginner', 'age': 6, 'type': 'basic', 'batch_id': '-6559107603236794903'}, {'id': 2, 'question': '15 + 10 = ?', 'answer': 25.0, 'difficulty': 'beginner', 'age': 6, 'type': 'basic', 'batch_id': '-6559107603236794903'}, {'id': 3, 'question': '15 - 12 = ?', 'answer': 3.0, 'difficulty': 'beginner', 'age': 6, 'type': 'basic', 'batch_id': '-6559107603236794903'}, {'question': 'Lars har 12 epler. Han gir 5 epler til sin venn. Hvor mange epler har Lars igjen?', 'answer': 7, 'type': 'word_problem', 'sub_type': 'sharing', 'difficulty': 'beginner', 'age': 6, 'id': 4, 'batch_id': '-6559107603236794903'}, {'question': 'Mamma kjøpte 8 bananer og 3 appelsiner. Hvor mange frukter har hun totalt?', 'answer': 11, 'type': 'word_problem', 'sub_type': 'shopping', 'difficulty': 'beginner', 'age': 6, 'id': 5, 'batch_id': '-6559107603236794903'}, {'question': 'Kari har 15 kr. Hun bruker 6 kr på en liten lekebil. Hvor mye penger har hun igjen?', 'answer': 9, 'type': 'word_problem', 'sub_type': 'shopping', 'difficulty': 'beginner', 'age': 6, 'id': 6, 'batch_id': '-6559107603236794903'}, {'question': 'Petter har 7 kjeks. Han deler 4 av dem med sin søster. Hvor mange kjeks har Petter igjen?', 'answer': 3, 'type': 'word_problem', 'sub_type': 'sharing', 'difficulty': 'beginner', 'age': 6, 'id': 7, 'batch_id': '-6559107603236794903'}, {'question': 'Pappa kjøpte 9 små sjokolader. Han spiste 2 av dem. Hvor mange sjokolader har han igjen?', 'answer': 7, 'type': 'word_problem', 'sub_type': 'shopping', 'difficulty': 'beginner', 'age': 6, 'id': 8, 'batch_id': '-6559107603236794903'}, {'question': 'Anna har 6 klinkekuler. Broren hennes gir henne 4 til. Hvor mange klinkekuler har Anna nå?', 'answer': 10, 'type': 'word_problem', 'sub_type': 'sharing', 'difficulty': 'beginner', 'age': 6, 'id': 9, 'batch_id': '-6559107603236794903'}, {'question': 'Mor kjøpte 10 karameller. Hun ga 3 til naboen. Hvor mange karameller har mor igjen?', 'answer': 7, 'type': 'word_problem', 'sub_type': 'sharing', 'difficulty': 'beginner', 'age': 6, 'id': 10, 'batch_id': '-6559107603236794903'}]
2024-12-01 02:05:26,461 - app.core.logger - DEBUG - Getting remaining problems for batch -6559107603236794903
2024-12-01 02:05:26,461 - app.core.logger - DEBUG - Available batches: dict_keys(['-6559107603236794903'])
2024-12-01 02:05:26,462 - app.core.logger - DEBUG - Found 10 problems in batch
2024-12-01 02:05:26,462 - app.core.logger - DEBUG - Returning problems: [{'id': 1, 'question': '19 - 10 = ?', 'answer': 9.0, 'difficulty': 'beginner', 'age': 6, 'type': 'basic', 'batch_id': '-6559107603236794903'}, {'id': 2, 'question': '15 + 10 = ?', 'answer': 25.0, 'difficulty': 'beginner', 'age': 6, 'type': 'basic', 'batch_id': '-6559107603236794903'}, {'id': 3, 'question': '15 - 12 = ?', 'answer': 3.0, 'difficulty': 'beginner', 'age': 6, 'type': 'basic', 'batch_id': '-6559107603236794903'}, {'question': 'Lars har 12 epler. Han gir 5 epler til sin venn. Hvor mange epler har Lars igjen?', 'answer': 7, 'type': 'word_problem', 'sub_type': 'sharing', 'difficulty': 'beginner', 'age': 6, 'id': 4, 'batch_id': '-6559107603236794903'}, {'question': 'Mamma kjøpte 8 bananer og 3 appelsiner. Hvor mange frukter har hun totalt?', 'answer': 11, 'type': 'word_problem', 'sub_type': 'shopping', 'difficulty': 'beginner', 'age': 6, 'id': 5, 'batch_id': '-6559107603236794903'}, {'question': 'Kari har 15 kr. Hun bruker 6 kr på en liten lekebil. Hvor mye penger har hun igjen?', 'answer': 9, 'type': 'word_problem', 'sub_type': 'shopping', 'difficulty': 'beginner', 'age': 6, 'id': 6, 'batch_id': '-6559107603236794903'}, {'question': 'Petter har 7 kjeks. Han deler 4 av dem med sin søster. Hvor mange kjeks har Petter igjen?', 'answer': 3, 'type': 'word_problem', 'sub_type': 'sharing', 'difficulty': 'beginner', 'age': 6, 'id': 7, 'batch_id': '-6559107603236794903'}, {'question': 'Pappa kjøpte 9 små sjokolader. Han spiste 2 av dem. Hvor mange sjokolader har han igjen?', 'answer': 7, 'type': 'word_problem', 'sub_type': 'shopping', 'difficulty': 'beginner', 'age': 6, 'id': 8, 'batch_id': '-6559107603236794903'}, {'question': 'Anna har 6 klinkekuler. Broren hennes gir henne 4 til. Hvor mange klinkekuler har Anna nå?', 'answer': 10, 'type': 'word_problem', 'sub_type': 'sharing', 'difficulty': 'beginner', 'age': 6, 'id': 9, 'batch_id': '-6559107603236794903'}, {'question': 'Mor kjøpte 10 karameller. Hun ga 3 til naboen. Hvor mange karameller har mor igjen?', 'answer': 7, 'type': 'word_problem', 'sub_type': 'sharing', 'difficulty': 'beginner', 'age': 6, 'id': 10, 'batch_id': '-6559107603236794903'}]
